<?xml version="1.0" encoding="UTF-8"?>
<!-- Generated by org.testng.reporters.JUnitReportReporter -->
<testsuite hostname="DESKTOP-P3HA7DB" failures="0" tests="1" name="com.test.webtable2" time="4.681" errors="0" timestamp="2023-01-24T19:08:14 IST" skipped="0">
  <testcase classname="com.test.webtable2" name="data" time="4.681"/>
  <system-out/>
</testsuite> <!-- com.test.webtable2 -->
