<?xml version="1.0" encoding="UTF-8"?>
<!-- Generated by org.testng.reporters.JUnitReportReporter -->
<testsuite hostname="DESKTOP-P3HA7DB" failures="0" tests="2" name="com.test.Workingwithpropertyfile" time="8.966" errors="0" timestamp="2023-02-06T12:21:40 IST" skipped="0">
  <testcase classname="com.test.Workingwithpropertyfile" name="login" time="4.881"/>
  <system-out/>
  <testcase classname="com.test.Workingwithpropertyfile" name="logout" time="4.085"/>
  <system-out/>
</testsuite> <!-- com.test.Workingwithpropertyfile -->
