<?xml version="1.0" encoding="UTF-8"?>
<!-- Generated by org.testng.reporters.JUnitReportReporter -->
<testsuite hostname="DESKTOP-P3HA7DB" failures="0" tests="1" name="com.test.Workingwithwebtable" time="0.134" errors="0" timestamp="2023-01-24T11:24:29 IST" skipped="0">
  <testcase classname="com.test.Workingwithwebtable" name="data" time="0.134"/>
  <system-out/>
</testsuite> <!-- com.test.Workingwithwebtable -->
