<?xml version="1.0" encoding="UTF-8"?>
<!-- Generated by org.testng.reporters.JUnitReportReporter -->
<testsuite hostname="DESKTOP-P3HA7DB" failures="0" tests="1" name="com.test.Javascriptexecutortestcase2" time="0.030" errors="0" timestamp="2023-01-30T20:51:24 IST" skipped="0">
  <testcase classname="com.test.Javascriptexecutortestcase2" name="login" time="0.030"/>
  <system-out/>
</testsuite> <!-- com.test.Javascriptexecutortestcase2 -->
