<?xml version="1.0" encoding="UTF-8"?>
<!-- Generated by org.testng.reporters.JUnitReportReporter -->
<testsuite hostname="DESKTOP-P3HA7DB" failures="0" tests="1" name="com.test.Workingwithwebdriverapachepoitc1" time="9.952" errors="0" timestamp="2023-02-15T16:17:30 IST" skipped="0">
  <testcase classname="com.test.Workingwithwebdriverapachepoitc1" name="data" time="9.952"/>
  <system-out/>
</testsuite> <!-- com.test.Workingwithwebdriverapachepoitc1 -->
