<?xml version="1.0" encoding="UTF-8"?>
<!-- Generated by org.testng.reporters.JUnitReportReporter -->
<testsuite hostname="DESKTOP-P3HA7DB" failures="0" tests="1" name="com.test.Workingwithframes" time="0.560" errors="0" timestamp="2023-01-24T19:52:30 IST" skipped="0">
  <testcase classname="com.test.Workingwithframes" name="data" time="0.560"/>
  <system-out/>
</testsuite> <!-- com.test.Workingwithframes -->
