<?xml version="1.0" encoding="UTF-8"?>
<!-- Generated by org.testng.reporters.JUnitReportReporter -->
<testsuite hostname="DESKTOP-P3HA7DB" failures="0" tests="1" name="com.test.Alertstestcase" time="3.335" errors="0" timestamp="2023-01-27T19:58:00 IST" skipped="0">
  <testcase classname="com.test.Alertstestcase" name="data" time="3.335"/>
  <system-out/>
</testsuite> <!-- com.test.Alertstestcase -->
