<?xml version="1.0" encoding="UTF-8"?>
<!-- Generated by org.testng.reporters.JUnitReportReporter -->
<testsuite hostname="DESKTOP-P3HA7DB" failures="0" tests="1" name="com.test.Javascriptexecutortestcase6" time="11.430" errors="0" timestamp="2023-02-01T20:54:06 IST" skipped="0">
  <testcase classname="com.test.Javascriptexecutortestcase6" name="login" time="11.430"/>
  <system-out/>
</testsuite> <!-- com.test.Javascriptexecutortestcase6 -->
