<?xml version="1.0" encoding="UTF-8"?>
<!-- Generated by org.testng.reporters.JUnitReportReporter -->
<testsuite hostname="DESKTOP-P3HA7DB" failures="0" tests="1" name="com.test.Workingwithactions" time="1.347" errors="0" timestamp="2023-01-25T20:58:03 IST" skipped="0">
  <testcase classname="com.test.Workingwithactions" name="data" time="1.347"/>
  <system-out/>
</testsuite> <!-- com.test.Workingwithactions -->
