<?xml version="1.0" encoding="UTF-8"?>
<!-- Generated by org.testng.reporters.JUnitReportReporter -->
<testsuite hostname="DESKTOP-P3HA7DB" failures="0" tests="1" name="com.test.Webtable3" time="7.976" errors="0" timestamp="2023-01-24T19:37:04 IST" skipped="0">
  <testcase classname="com.test.Webtable3" name="data" time="7.976"/>
  <system-out/>
</testsuite> <!-- com.test.Webtable3 -->
