<?xml version="1.0" encoding="UTF-8"?>
<!-- Generated by org.testng.reporters.JUnitReportReporter -->
<testsuite hostname="DESKTOP-P3HA7DB" failures="0" tests="1" name="com.test.Actionstestcase3" time="9.871" errors="0" timestamp="2023-01-29T09:38:08 IST" skipped="0">
  <testcase classname="com.test.Actionstestcase3" name="data" time="9.871"/>
  <system-out/>
</testsuite> <!-- com.test.Actionstestcase3 -->
