<?xml version="1.0" encoding="UTF-8"?>
<!-- Generated by org.testng.reporters.JUnitReportReporter -->
<testsuite hostname="DESKTOP-P3HA7DB" failures="0" tests="1" name="com.test.alertstestcase2" time="3.251" errors="0" timestamp="2023-01-27T20:08:20 IST" skipped="0">
  <testcase classname="com.test.alertstestcase2" name="data" time="3.251"/>
  <system-out/>
</testsuite> <!-- com.test.alertstestcase2 -->
