<?xml version="1.0" encoding="UTF-8"?>
<!-- Generated by org.testng.reporters.JUnitReportReporter -->
<testsuite hostname="DESKTOP-P3HA7DB" failures="0" tests="1" name="com.test.Actionstestcase4" time="0.900" errors="0" timestamp="2023-01-29T10:04:54 IST" skipped="0">
  <testcase classname="com.test.Actionstestcase4" name="data" time="0.900"/>
  <system-out/>
</testsuite> <!-- com.test.Actionstestcase4 -->
