<?xml version="1.0" encoding="UTF-8"?>
<!-- Generated by org.testng.reporters.JUnitReportReporter -->
<testsuite hostname="DESKTOP-P3HA7DB" failures="0" tests="1" name="com.test.Workingwithdatadrivenframeworkstc1" time="5.926" errors="0" timestamp="2023-02-15T23:31:37 IST" skipped="0">
  <testcase classname="com.test.Workingwithdatadrivenframeworkstc1" name="datadriven" time="5.926"/>
  <system-out/>
</testsuite> <!-- com.test.Workingwithdatadrivenframeworkstc1 -->
