<?xml version="1.0" encoding="UTF-8"?>
<!-- Generated by org.testng.reporters.JUnitReportReporter -->
<testsuite hostname="DESKTOP-P3HA7DB" failures="0" tests="1" name="com.test.Workingwithwebdriverapachepoitc2" time="15.998" errors="0" timestamp="2023-02-15T16:38:08 IST" skipped="0">
  <testcase classname="com.test.Workingwithwebdriverapachepoitc2" name="data" time="15.998"/>
  <system-out/>
</testsuite> <!-- com.test.Workingwithwebdriverapachepoitc2 -->
