<?xml version="1.0" encoding="UTF-8"?>
<!-- Generated by org.testng.reporters.JUnitReportReporter -->
<testsuite hostname="DESKTOP-P3HA7DB" failures="0" tests="1" name="com.test.Javascriptexecutortestcase3" time="0.034" errors="0" timestamp="2023-02-01T20:55:36 IST" skipped="0">
  <testcase classname="com.test.Javascriptexecutortestcase3" name="login" time="0.034"/>
  <system-out/>
</testsuite> <!-- com.test.Javascriptexecutortestcase3 -->
