<?xml version="1.0" encoding="UTF-8"?>
<!-- Generated by org.testng.reporters.JUnitReportReporter -->
<testsuite hostname="DESKTOP-P3HA7DB" failures="0" tests="1" name="com.test.Actionstestcase2" time="3.383" errors="0" timestamp="2023-01-25T20:56:58 IST" skipped="0">
  <testcase classname="com.test.Actionstestcase2" name="data" time="3.383"/>
  <system-out/>
</testsuite> <!-- com.test.Actionstestcase2 -->
