<?xml version="1.0" encoding="UTF-8"?>
<!-- Generated by org.testng.reporters.JUnitReportReporter -->
<testsuite hostname="DESKTOP-P3HA7DB" failures="0" tests="1" name="com.test.Javascriptexecutortestcase" time="29.058" errors="0" timestamp="2023-02-01T20:52:01 IST" skipped="0">
  <testcase classname="com.test.Javascriptexecutortestcase" name="login" time="29.058"/>
  <system-out/>
</testsuite> <!-- com.test.Javascriptexecutortestcase -->
