<?xml version="1.0" encoding="UTF-8"?>
<!-- Generated by org.testng.reporters.JUnitReportReporter -->
<testsuite hostname="DESKTOP-P3HA7DB" failures="0" tests="1" name="com.test.Workwithfarmes2" time="1.090" errors="0" timestamp="2023-01-25T19:14:46 IST" skipped="0">
  <testcase classname="com.test.Workwithfarmes2" name="data" time="1.090"/>
  <system-out/>
</testsuite> <!-- com.test.Workwithfarmes2 -->
