<?xml version="1.0" encoding="UTF-8"?>
<!-- Generated by org.testng.reporters.JUnitReportReporter -->
<testsuite hostname="DESKTOP-P3HA7DB" failures="0" tests="1" name="com.test.Actinstestcase5" time="0.562" errors="0" timestamp="2023-01-29T10:14:17 IST" skipped="0">
  <testcase classname="com.test.Actinstestcase5" name="data" time="0.562"/>
  <system-out/>
</testsuite> <!-- com.test.Actinstestcase5 -->
