<?xml version="1.0" encoding="UTF-8"?>
<!-- Generated by org.testng.reporters.JUnitReportReporter -->
<testsuite hostname="DESKTOP-P3HA7DB" failures="0" tests="1" name="com.test.Cookiestestcase" time="9.360" errors="0" timestamp="2023-01-30T19:25:54 IST" skipped="0">
  <testcase classname="com.test.Cookiestestcase" name="data" time="9.360"/>
  <system-out/>
</testsuite> <!-- com.test.Cookiestestcase -->
