<?xml version="1.0" encoding="UTF-8"?>
<!-- Generated by org.testng.reporters.JUnitReportReporter -->
<testsuite hostname="DESKTOP-P3HA7DB" failures="0" tests="5" name="com.test.ExampleofTestNG" time="0.032" errors="0" timestamp="2023-01-21T07:37:47 IST" skipped="0">
  <testcase classname="com.test.ExampleofTestNG" name="navigate" time="0.011"/>
  <system-out/>
  <testcase classname="com.test.ExampleofTestNG" name="Register" time="0.005"/>
  <system-out/>
  <testcase classname="com.test.ExampleofTestNG" name="login" time="0.005"/>
  <system-out/>
  <testcase classname="com.test.ExampleofTestNG" name="sendreports" time="0.007"/>
  <system-out/>
  <testcase classname="com.test.ExampleofTestNG" name="logout" time="0.004"/>
  <system-out/>
</testsuite> <!-- com.test.ExampleofTestNG -->
