<?xml version="1.0" encoding="UTF-8"?>
<!-- Generated by org.testng.reporters.JUnitReportReporter -->
<testsuite hostname="DESKTOP-P3HA7DB" failures="0" tests="1" name="com.test.Keyworddatadriverframeworks" time="1.505" errors="0" timestamp="2023-02-20T17:12:03 IST" skipped="0">
  <testcase classname="com.test.Keyworddatadriverframeworks" name="login" time="1.505"/>
  <system-out/>
</testsuite> <!-- com.test.Keyworddatadriverframeworks -->
